[2024-08-30T01:44:04.284+0000] {processor.py:186} INFO - Started process (PID=5182) to work on /opt/airflow/dags/MainLastVersion.py
[2024-08-30T01:44:04.285+0000] {processor.py:914} INFO - Processing file /opt/airflow/dags/MainLastVersion.py for tasks to queue
[2024-08-30T01:44:04.287+0000] {logging_mixin.py:190} INFO - [2024-08-30T01:44:04.287+0000] {dagbag.py:587} INFO - Filling up the DagBag from /opt/airflow/dags/MainLastVersion.py
[2024-08-30T01:44:04.710+0000] {processor.py:925} INFO - DAG(s) 'read_dag' retrieved from /opt/airflow/dags/MainLastVersion.py
[2024-08-30T01:44:04.893+0000] {logging_mixin.py:190} INFO - [2024-08-30T01:44:04.892+0000] {dag.py:3211} INFO - Sync 1 DAGs
[2024-08-30T01:44:04.926+0000] {logging_mixin.py:190} INFO - [2024-08-30T01:44:04.926+0000] {dag.py:4138} INFO - Setting next_dagrun for read_dag to 2024-08-29 22:00:00+00:00, run_after=2024-08-30 22:00:00+00:00
[2024-08-30T01:44:05.009+0000] {processor.py:208} INFO - Processing /opt/airflow/dags/MainLastVersion.py took 0.733 seconds
[2024-08-30T01:44:35.965+0000] {processor.py:186} INFO - Started process (PID=5187) to work on /opt/airflow/dags/MainLastVersion.py
[2024-08-30T01:44:35.967+0000] {processor.py:914} INFO - Processing file /opt/airflow/dags/MainLastVersion.py for tasks to queue
[2024-08-30T01:44:35.970+0000] {logging_mixin.py:190} INFO - [2024-08-30T01:44:35.969+0000] {dagbag.py:587} INFO - Filling up the DagBag from /opt/airflow/dags/MainLastVersion.py
[2024-08-30T01:44:36.409+0000] {processor.py:925} INFO - DAG(s) 'read_dag' retrieved from /opt/airflow/dags/MainLastVersion.py
[2024-08-30T01:44:36.436+0000] {logging_mixin.py:190} INFO - [2024-08-30T01:44:36.436+0000] {dag.py:3211} INFO - Sync 1 DAGs
[2024-08-30T01:44:36.474+0000] {logging_mixin.py:190} INFO - [2024-08-30T01:44:36.473+0000] {dag.py:4138} INFO - Setting next_dagrun for read_dag to 2024-08-29 22:00:00+00:00, run_after=2024-08-30 22:00:00+00:00
[2024-08-30T01:44:36.567+0000] {processor.py:208} INFO - Processing /opt/airflow/dags/MainLastVersion.py took 0.613 seconds
[2024-08-30T01:45:07.244+0000] {processor.py:186} INFO - Started process (PID=5192) to work on /opt/airflow/dags/MainLastVersion.py
[2024-08-30T01:45:07.247+0000] {processor.py:914} INFO - Processing file /opt/airflow/dags/MainLastVersion.py for tasks to queue
[2024-08-30T01:45:07.249+0000] {logging_mixin.py:190} INFO - [2024-08-30T01:45:07.248+0000] {dagbag.py:587} INFO - Filling up the DagBag from /opt/airflow/dags/MainLastVersion.py
[2024-08-30T01:45:07.913+0000] {processor.py:925} INFO - DAG(s) 'read_dag' retrieved from /opt/airflow/dags/MainLastVersion.py
[2024-08-30T01:45:07.936+0000] {logging_mixin.py:190} INFO - [2024-08-30T01:45:07.935+0000] {dag.py:3211} INFO - Sync 1 DAGs
[2024-08-30T01:45:07.992+0000] {logging_mixin.py:190} INFO - [2024-08-30T01:45:07.991+0000] {dag.py:4138} INFO - Setting next_dagrun for read_dag to 2024-08-29 22:00:00+00:00, run_after=2024-08-30 22:00:00+00:00
[2024-08-30T01:45:08.113+0000] {processor.py:208} INFO - Processing /opt/airflow/dags/MainLastVersion.py took 0.881 seconds
[2024-08-30T01:45:24.850+0000] {processor.py:186} INFO - Started process (PID=5196) to work on /opt/airflow/dags/MainLastVersion.py
[2024-08-30T01:45:24.851+0000] {processor.py:914} INFO - Processing file /opt/airflow/dags/MainLastVersion.py for tasks to queue
[2024-08-30T01:45:24.855+0000] {logging_mixin.py:190} INFO - [2024-08-30T01:45:24.854+0000] {dagbag.py:587} INFO - Filling up the DagBag from /opt/airflow/dags/MainLastVersion.py
[2024-08-30T01:45:25.620+0000] {processor.py:925} INFO - DAG(s) 'read_dag' retrieved from /opt/airflow/dags/MainLastVersion.py
[2024-08-30T01:45:25.801+0000] {logging_mixin.py:190} INFO - [2024-08-30T01:45:25.800+0000] {dag.py:3211} INFO - Sync 1 DAGs
[2024-08-30T01:45:25.848+0000] {logging_mixin.py:190} INFO - [2024-08-30T01:45:25.847+0000] {dag.py:4138} INFO - Setting next_dagrun for read_dag to 2024-08-29 22:00:00+00:00, run_after=2024-08-30 22:00:00+00:00
[2024-08-30T01:45:25.949+0000] {processor.py:208} INFO - Processing /opt/airflow/dags/MainLastVersion.py took 1.108 seconds
[2024-08-30T01:45:56.254+0000] {processor.py:186} INFO - Started process (PID=5201) to work on /opt/airflow/dags/MainLastVersion.py
[2024-08-30T01:45:56.258+0000] {processor.py:914} INFO - Processing file /opt/airflow/dags/MainLastVersion.py for tasks to queue
[2024-08-30T01:45:56.261+0000] {logging_mixin.py:190} INFO - [2024-08-30T01:45:56.261+0000] {dagbag.py:587} INFO - Filling up the DagBag from /opt/airflow/dags/MainLastVersion.py
[2024-08-30T01:45:56.960+0000] {processor.py:925} INFO - DAG(s) 'read_dag' retrieved from /opt/airflow/dags/MainLastVersion.py
[2024-08-30T01:45:56.992+0000] {logging_mixin.py:190} INFO - [2024-08-30T01:45:56.991+0000] {dag.py:3211} INFO - Sync 1 DAGs
[2024-08-30T01:45:57.046+0000] {logging_mixin.py:190} INFO - [2024-08-30T01:45:57.045+0000] {dag.py:4138} INFO - Setting next_dagrun for read_dag to 2024-08-29 22:00:00+00:00, run_after=2024-08-30 22:00:00+00:00
[2024-08-30T01:45:57.144+0000] {processor.py:208} INFO - Processing /opt/airflow/dags/MainLastVersion.py took 0.903 seconds
[2024-08-30T01:46:27.622+0000] {processor.py:186} INFO - Started process (PID=5206) to work on /opt/airflow/dags/MainLastVersion.py
[2024-08-30T01:46:27.624+0000] {processor.py:914} INFO - Processing file /opt/airflow/dags/MainLastVersion.py for tasks to queue
[2024-08-30T01:46:27.626+0000] {logging_mixin.py:190} INFO - [2024-08-30T01:46:27.626+0000] {dagbag.py:587} INFO - Filling up the DagBag from /opt/airflow/dags/MainLastVersion.py
[2024-08-30T01:46:28.069+0000] {processor.py:925} INFO - DAG(s) 'read_dag' retrieved from /opt/airflow/dags/MainLastVersion.py
[2024-08-30T01:46:28.087+0000] {logging_mixin.py:190} INFO - [2024-08-30T01:46:28.085+0000] {dag.py:3211} INFO - Sync 1 DAGs
[2024-08-30T01:46:28.140+0000] {logging_mixin.py:190} INFO - [2024-08-30T01:46:28.139+0000] {dag.py:4138} INFO - Setting next_dagrun for read_dag to 2024-08-29 22:00:00+00:00, run_after=2024-08-30 22:00:00+00:00
[2024-08-30T01:46:28.742+0000] {processor.py:208} INFO - Processing /opt/airflow/dags/MainLastVersion.py took 1.127 seconds
[2024-08-30T01:46:59.318+0000] {processor.py:186} INFO - Started process (PID=5211) to work on /opt/airflow/dags/MainLastVersion.py
[2024-08-30T01:46:59.320+0000] {processor.py:914} INFO - Processing file /opt/airflow/dags/MainLastVersion.py for tasks to queue
[2024-08-30T01:46:59.322+0000] {logging_mixin.py:190} INFO - [2024-08-30T01:46:59.321+0000] {dagbag.py:587} INFO - Filling up the DagBag from /opt/airflow/dags/MainLastVersion.py
[2024-08-30T01:46:59.831+0000] {processor.py:925} INFO - DAG(s) 'read_dag' retrieved from /opt/airflow/dags/MainLastVersion.py
[2024-08-30T01:46:59.981+0000] {logging_mixin.py:190} INFO - [2024-08-30T01:46:59.980+0000] {dag.py:3211} INFO - Sync 1 DAGs
[2024-08-30T01:47:00.024+0000] {logging_mixin.py:190} INFO - [2024-08-30T01:47:00.024+0000] {dag.py:4138} INFO - Setting next_dagrun for read_dag to 2024-08-29 22:00:00+00:00, run_after=2024-08-30 22:00:00+00:00
[2024-08-30T01:47:00.120+0000] {processor.py:208} INFO - Processing /opt/airflow/dags/MainLastVersion.py took 0.810 seconds
[2024-08-30T01:47:25.421+0000] {processor.py:186} INFO - Started process (PID=5216) to work on /opt/airflow/dags/MainLastVersion.py
[2024-08-30T01:47:25.423+0000] {processor.py:914} INFO - Processing file /opt/airflow/dags/MainLastVersion.py for tasks to queue
[2024-08-30T01:47:25.425+0000] {logging_mixin.py:190} INFO - [2024-08-30T01:47:25.424+0000] {dagbag.py:587} INFO - Filling up the DagBag from /opt/airflow/dags/MainLastVersion.py
[2024-08-30T01:47:25.882+0000] {processor.py:925} INFO - DAG(s) 'read_dag' retrieved from /opt/airflow/dags/MainLastVersion.py
[2024-08-30T01:47:25.900+0000] {logging_mixin.py:190} INFO - [2024-08-30T01:47:25.899+0000] {dag.py:3211} INFO - Sync 1 DAGs
[2024-08-30T01:47:25.938+0000] {logging_mixin.py:190} INFO - [2024-08-30T01:47:25.938+0000] {dag.py:4138} INFO - Setting next_dagrun for read_dag to 2024-08-29 22:00:00+00:00, run_after=2024-08-30 22:00:00+00:00
[2024-08-30T01:47:26.037+0000] {processor.py:208} INFO - Processing /opt/airflow/dags/MainLastVersion.py took 0.624 seconds
[2024-08-30T01:47:57.146+0000] {processor.py:186} INFO - Started process (PID=5221) to work on /opt/airflow/dags/MainLastVersion.py
[2024-08-30T01:47:57.149+0000] {processor.py:914} INFO - Processing file /opt/airflow/dags/MainLastVersion.py for tasks to queue
[2024-08-30T01:47:57.152+0000] {logging_mixin.py:190} INFO - [2024-08-30T01:47:57.151+0000] {dagbag.py:587} INFO - Filling up the DagBag from /opt/airflow/dags/MainLastVersion.py
[2024-08-30T01:47:57.812+0000] {processor.py:925} INFO - DAG(s) 'read_dag' retrieved from /opt/airflow/dags/MainLastVersion.py
[2024-08-30T01:47:57.844+0000] {logging_mixin.py:190} INFO - [2024-08-30T01:47:57.841+0000] {dag.py:3211} INFO - Sync 1 DAGs
[2024-08-30T01:47:57.920+0000] {logging_mixin.py:190} INFO - [2024-08-30T01:47:57.919+0000] {dag.py:4138} INFO - Setting next_dagrun for read_dag to 2024-08-29 22:00:00+00:00, run_after=2024-08-30 22:00:00+00:00
[2024-08-30T01:47:58.020+0000] {processor.py:208} INFO - Processing /opt/airflow/dags/MainLastVersion.py took 0.884 seconds
[2024-08-30T01:48:12.747+0000] {processor.py:186} INFO - Started process (PID=5224) to work on /opt/airflow/dags/MainLastVersion.py
[2024-08-30T01:48:12.748+0000] {processor.py:914} INFO - Processing file /opt/airflow/dags/MainLastVersion.py for tasks to queue
[2024-08-30T01:48:12.752+0000] {logging_mixin.py:190} INFO - [2024-08-30T01:48:12.751+0000] {dagbag.py:587} INFO - Filling up the DagBag from /opt/airflow/dags/MainLastVersion.py
[2024-08-30T01:48:13.316+0000] {processor.py:925} INFO - DAG(s) 'read_dag' retrieved from /opt/airflow/dags/MainLastVersion.py
[2024-08-30T01:48:13.371+0000] {logging_mixin.py:190} INFO - [2024-08-30T01:48:13.369+0000] {dag.py:3211} INFO - Sync 1 DAGs
[2024-08-30T01:48:13.428+0000] {logging_mixin.py:190} INFO - [2024-08-30T01:48:13.427+0000] {dag.py:4138} INFO - Setting next_dagrun for read_dag to 2024-08-29 22:00:00+00:00, run_after=2024-08-30 22:00:00+00:00
[2024-08-30T01:48:13.515+0000] {processor.py:208} INFO - Processing /opt/airflow/dags/MainLastVersion.py took 0.777 seconds
[2024-08-30T01:48:43.963+0000] {processor.py:186} INFO - Started process (PID=5229) to work on /opt/airflow/dags/MainLastVersion.py
[2024-08-30T01:48:43.965+0000] {processor.py:914} INFO - Processing file /opt/airflow/dags/MainLastVersion.py for tasks to queue
[2024-08-30T01:48:43.967+0000] {logging_mixin.py:190} INFO - [2024-08-30T01:48:43.967+0000] {dagbag.py:587} INFO - Filling up the DagBag from /opt/airflow/dags/MainLastVersion.py
[2024-08-30T01:48:44.755+0000] {processor.py:925} INFO - DAG(s) 'read_dag' retrieved from /opt/airflow/dags/MainLastVersion.py
[2024-08-30T01:48:44.952+0000] {logging_mixin.py:190} INFO - [2024-08-30T01:48:44.951+0000] {dag.py:3211} INFO - Sync 1 DAGs
[2024-08-30T01:48:44.995+0000] {logging_mixin.py:190} INFO - [2024-08-30T01:48:44.994+0000] {dag.py:4138} INFO - Setting next_dagrun for read_dag to 2024-08-29 22:00:00+00:00, run_after=2024-08-30 22:00:00+00:00
[2024-08-30T01:48:45.076+0000] {processor.py:208} INFO - Processing /opt/airflow/dags/MainLastVersion.py took 1.121 seconds
[2024-08-30T01:49:15.318+0000] {processor.py:186} INFO - Started process (PID=5234) to work on /opt/airflow/dags/MainLastVersion.py
[2024-08-30T01:49:15.321+0000] {processor.py:914} INFO - Processing file /opt/airflow/dags/MainLastVersion.py for tasks to queue
[2024-08-30T01:49:15.325+0000] {logging_mixin.py:190} INFO - [2024-08-30T01:49:15.324+0000] {dagbag.py:587} INFO - Filling up the DagBag from /opt/airflow/dags/MainLastVersion.py
[2024-08-30T01:49:15.846+0000] {processor.py:925} INFO - DAG(s) 'read_dag' retrieved from /opt/airflow/dags/MainLastVersion.py
[2024-08-30T01:49:15.872+0000] {logging_mixin.py:190} INFO - [2024-08-30T01:49:15.872+0000] {dag.py:3211} INFO - Sync 1 DAGs
[2024-08-30T01:49:15.908+0000] {logging_mixin.py:190} INFO - [2024-08-30T01:49:15.908+0000] {dag.py:4138} INFO - Setting next_dagrun for read_dag to 2024-08-29 22:00:00+00:00, run_after=2024-08-30 22:00:00+00:00
[2024-08-30T01:49:15.990+0000] {processor.py:208} INFO - Processing /opt/airflow/dags/MainLastVersion.py took 0.690 seconds
[2024-08-30T01:49:46.712+0000] {processor.py:186} INFO - Started process (PID=5239) to work on /opt/airflow/dags/MainLastVersion.py
[2024-08-30T01:49:46.714+0000] {processor.py:914} INFO - Processing file /opt/airflow/dags/MainLastVersion.py for tasks to queue
[2024-08-30T01:49:46.716+0000] {logging_mixin.py:190} INFO - [2024-08-30T01:49:46.716+0000] {dagbag.py:587} INFO - Filling up the DagBag from /opt/airflow/dags/MainLastVersion.py
[2024-08-30T01:49:47.245+0000] {processor.py:925} INFO - DAG(s) 'read_dag' retrieved from /opt/airflow/dags/MainLastVersion.py
[2024-08-30T01:49:47.266+0000] {logging_mixin.py:190} INFO - [2024-08-30T01:49:47.264+0000] {dag.py:3211} INFO - Sync 1 DAGs
[2024-08-30T01:49:47.309+0000] {logging_mixin.py:190} INFO - [2024-08-30T01:49:47.309+0000] {dag.py:4138} INFO - Setting next_dagrun for read_dag to 2024-08-29 22:00:00+00:00, run_after=2024-08-30 22:00:00+00:00
[2024-08-30T01:49:47.396+0000] {processor.py:208} INFO - Processing /opt/airflow/dags/MainLastVersion.py took 0.696 seconds
[2024-08-30T01:50:17.806+0000] {processor.py:186} INFO - Started process (PID=5244) to work on /opt/airflow/dags/MainLastVersion.py
[2024-08-30T01:50:17.808+0000] {processor.py:914} INFO - Processing file /opt/airflow/dags/MainLastVersion.py for tasks to queue
[2024-08-30T01:50:17.812+0000] {logging_mixin.py:190} INFO - [2024-08-30T01:50:17.811+0000] {dagbag.py:587} INFO - Filling up the DagBag from /opt/airflow/dags/MainLastVersion.py
[2024-08-30T01:50:18.542+0000] {processor.py:925} INFO - DAG(s) 'read_dag' retrieved from /opt/airflow/dags/MainLastVersion.py
[2024-08-30T01:50:18.758+0000] {logging_mixin.py:190} INFO - [2024-08-30T01:50:18.757+0000] {dag.py:3211} INFO - Sync 1 DAGs
[2024-08-30T01:50:18.799+0000] {logging_mixin.py:190} INFO - [2024-08-30T01:50:18.799+0000] {dag.py:4138} INFO - Setting next_dagrun for read_dag to 2024-08-29 22:00:00+00:00, run_after=2024-08-30 22:00:00+00:00
[2024-08-30T01:50:18.895+0000] {processor.py:208} INFO - Processing /opt/airflow/dags/MainLastVersion.py took 1.097 seconds
[2024-08-30T01:50:49.744+0000] {processor.py:186} INFO - Started process (PID=5249) to work on /opt/airflow/dags/MainLastVersion.py
[2024-08-30T01:50:49.745+0000] {processor.py:914} INFO - Processing file /opt/airflow/dags/MainLastVersion.py for tasks to queue
[2024-08-30T01:50:49.748+0000] {logging_mixin.py:190} INFO - [2024-08-30T01:50:49.747+0000] {dagbag.py:587} INFO - Filling up the DagBag from /opt/airflow/dags/MainLastVersion.py
[2024-08-30T01:50:50.154+0000] {processor.py:925} INFO - DAG(s) 'read_dag' retrieved from /opt/airflow/dags/MainLastVersion.py
[2024-08-30T01:50:50.181+0000] {logging_mixin.py:190} INFO - [2024-08-30T01:50:50.181+0000] {dag.py:3211} INFO - Sync 1 DAGs
[2024-08-30T01:50:50.221+0000] {logging_mixin.py:190} INFO - [2024-08-30T01:50:50.220+0000] {dag.py:4138} INFO - Setting next_dagrun for read_dag to 2024-08-29 22:00:00+00:00, run_after=2024-08-30 22:00:00+00:00
[2024-08-30T01:50:50.302+0000] {processor.py:208} INFO - Processing /opt/airflow/dags/MainLastVersion.py took 0.566 seconds
[2024-08-30T01:51:21.034+0000] {processor.py:186} INFO - Started process (PID=5254) to work on /opt/airflow/dags/MainLastVersion.py
[2024-08-30T01:51:21.035+0000] {processor.py:914} INFO - Processing file /opt/airflow/dags/MainLastVersion.py for tasks to queue
[2024-08-30T01:51:21.037+0000] {logging_mixin.py:190} INFO - [2024-08-30T01:51:21.037+0000] {dagbag.py:587} INFO - Filling up the DagBag from /opt/airflow/dags/MainLastVersion.py
[2024-08-30T01:51:21.623+0000] {processor.py:925} INFO - DAG(s) 'read_dag' retrieved from /opt/airflow/dags/MainLastVersion.py
[2024-08-30T01:51:21.647+0000] {logging_mixin.py:190} INFO - [2024-08-30T01:51:21.645+0000] {dag.py:3211} INFO - Sync 1 DAGs
[2024-08-30T01:51:21.687+0000] {logging_mixin.py:190} INFO - [2024-08-30T01:51:21.687+0000] {dag.py:4138} INFO - Setting next_dagrun for read_dag to 2024-08-29 22:00:00+00:00, run_after=2024-08-30 22:00:00+00:00
[2024-08-30T01:51:21.783+0000] {processor.py:208} INFO - Processing /opt/airflow/dags/MainLastVersion.py took 0.758 seconds
[2024-08-30T01:51:45.845+0000] {processor.py:186} INFO - Started process (PID=5259) to work on /opt/airflow/dags/MainLastVersion.py
[2024-08-30T01:51:45.851+0000] {processor.py:914} INFO - Processing file /opt/airflow/dags/MainLastVersion.py for tasks to queue
[2024-08-30T01:51:45.862+0000] {logging_mixin.py:190} INFO - [2024-08-30T01:51:45.861+0000] {dagbag.py:587} INFO - Filling up the DagBag from /opt/airflow/dags/MainLastVersion.py
[2024-08-30T01:51:47.106+0000] {processor.py:925} INFO - DAG(s) 'read_dag' retrieved from /opt/airflow/dags/MainLastVersion.py
[2024-08-30T01:51:47.295+0000] {logging_mixin.py:190} INFO - [2024-08-30T01:51:47.294+0000] {dag.py:3211} INFO - Sync 1 DAGs
[2024-08-30T01:51:47.330+0000] {logging_mixin.py:190} INFO - [2024-08-30T01:51:47.330+0000] {dag.py:4138} INFO - Setting next_dagrun for read_dag to 2024-08-29 22:00:00+00:00, run_after=2024-08-30 22:00:00+00:00
[2024-08-30T01:51:47.481+0000] {processor.py:208} INFO - Processing /opt/airflow/dags/MainLastVersion.py took 1.654 seconds
[2024-08-30T01:52:18.015+0000] {processor.py:186} INFO - Started process (PID=5264) to work on /opt/airflow/dags/MainLastVersion.py
[2024-08-30T01:52:18.017+0000] {processor.py:914} INFO - Processing file /opt/airflow/dags/MainLastVersion.py for tasks to queue
[2024-08-30T01:52:18.019+0000] {logging_mixin.py:190} INFO - [2024-08-30T01:52:18.018+0000] {dagbag.py:587} INFO - Filling up the DagBag from /opt/airflow/dags/MainLastVersion.py
[2024-08-30T01:52:18.460+0000] {processor.py:925} INFO - DAG(s) 'read_dag' retrieved from /opt/airflow/dags/MainLastVersion.py
[2024-08-30T01:52:18.489+0000] {logging_mixin.py:190} INFO - [2024-08-30T01:52:18.489+0000] {dag.py:3211} INFO - Sync 1 DAGs
[2024-08-30T01:52:18.531+0000] {logging_mixin.py:190} INFO - [2024-08-30T01:52:18.531+0000] {dag.py:4138} INFO - Setting next_dagrun for read_dag to 2024-08-29 22:00:00+00:00, run_after=2024-08-30 22:00:00+00:00
[2024-08-30T01:52:18.622+0000] {processor.py:208} INFO - Processing /opt/airflow/dags/MainLastVersion.py took 0.616 seconds
[2024-08-30T01:52:49.823+0000] {processor.py:186} INFO - Started process (PID=5269) to work on /opt/airflow/dags/MainLastVersion.py
[2024-08-30T01:52:49.824+0000] {processor.py:914} INFO - Processing file /opt/airflow/dags/MainLastVersion.py for tasks to queue
[2024-08-30T01:52:49.827+0000] {logging_mixin.py:190} INFO - [2024-08-30T01:52:49.826+0000] {dagbag.py:587} INFO - Filling up the DagBag from /opt/airflow/dags/MainLastVersion.py
[2024-08-30T01:52:50.306+0000] {processor.py:925} INFO - DAG(s) 'read_dag' retrieved from /opt/airflow/dags/MainLastVersion.py
[2024-08-30T01:52:50.328+0000] {logging_mixin.py:190} INFO - [2024-08-30T01:52:50.327+0000] {dag.py:3211} INFO - Sync 1 DAGs
[2024-08-30T01:52:50.370+0000] {logging_mixin.py:190} INFO - [2024-08-30T01:52:50.369+0000] {dag.py:4138} INFO - Setting next_dagrun for read_dag to 2024-08-29 22:00:00+00:00, run_after=2024-08-30 22:00:00+00:00
[2024-08-30T01:52:50.453+0000] {processor.py:208} INFO - Processing /opt/airflow/dags/MainLastVersion.py took 0.639 seconds
[2024-08-30T01:53:21.053+0000] {processor.py:186} INFO - Started process (PID=5274) to work on /opt/airflow/dags/MainLastVersion.py
[2024-08-30T01:53:21.055+0000] {processor.py:914} INFO - Processing file /opt/airflow/dags/MainLastVersion.py for tasks to queue
[2024-08-30T01:53:21.057+0000] {logging_mixin.py:190} INFO - [2024-08-30T01:53:21.056+0000] {dagbag.py:587} INFO - Filling up the DagBag from /opt/airflow/dags/MainLastVersion.py
[2024-08-30T01:53:21.465+0000] {processor.py:925} INFO - DAG(s) 'read_dag' retrieved from /opt/airflow/dags/MainLastVersion.py
[2024-08-30T01:53:21.629+0000] {logging_mixin.py:190} INFO - [2024-08-30T01:53:21.628+0000] {dag.py:3211} INFO - Sync 1 DAGs
[2024-08-30T01:53:21.662+0000] {logging_mixin.py:190} INFO - [2024-08-30T01:53:21.662+0000] {dag.py:4138} INFO - Setting next_dagrun for read_dag to 2024-08-29 22:00:00+00:00, run_after=2024-08-30 22:00:00+00:00
[2024-08-30T01:53:21.742+0000] {processor.py:208} INFO - Processing /opt/airflow/dags/MainLastVersion.py took 0.696 seconds
[2024-08-30T01:53:52.311+0000] {processor.py:186} INFO - Started process (PID=5279) to work on /opt/airflow/dags/MainLastVersion.py
[2024-08-30T01:53:52.312+0000] {processor.py:914} INFO - Processing file /opt/airflow/dags/MainLastVersion.py for tasks to queue
[2024-08-30T01:53:52.314+0000] {logging_mixin.py:190} INFO - [2024-08-30T01:53:52.313+0000] {dagbag.py:587} INFO - Filling up the DagBag from /opt/airflow/dags/MainLastVersion.py
[2024-08-30T01:53:52.887+0000] {processor.py:925} INFO - DAG(s) 'read_dag' retrieved from /opt/airflow/dags/MainLastVersion.py
[2024-08-30T01:53:52.917+0000] {logging_mixin.py:190} INFO - [2024-08-30T01:53:52.916+0000] {dag.py:3211} INFO - Sync 1 DAGs
[2024-08-30T01:53:52.966+0000] {logging_mixin.py:190} INFO - [2024-08-30T01:53:52.966+0000] {dag.py:4138} INFO - Setting next_dagrun for read_dag to 2024-08-29 22:00:00+00:00, run_after=2024-08-30 22:00:00+00:00
[2024-08-30T01:53:53.069+0000] {processor.py:208} INFO - Processing /opt/airflow/dags/MainLastVersion.py took 0.767 seconds
[2024-08-30T01:54:23.754+0000] {processor.py:186} INFO - Started process (PID=5284) to work on /opt/airflow/dags/MainLastVersion.py
[2024-08-30T01:54:23.755+0000] {processor.py:914} INFO - Processing file /opt/airflow/dags/MainLastVersion.py for tasks to queue
[2024-08-30T01:54:23.757+0000] {logging_mixin.py:190} INFO - [2024-08-30T01:54:23.757+0000] {dagbag.py:587} INFO - Filling up the DagBag from /opt/airflow/dags/MainLastVersion.py
[2024-08-30T01:54:24.187+0000] {processor.py:925} INFO - DAG(s) 'read_dag' retrieved from /opt/airflow/dags/MainLastVersion.py
[2024-08-30T01:54:24.206+0000] {logging_mixin.py:190} INFO - [2024-08-30T01:54:24.205+0000] {dag.py:3211} INFO - Sync 1 DAGs
[2024-08-30T01:54:24.245+0000] {logging_mixin.py:190} INFO - [2024-08-30T01:54:24.244+0000] {dag.py:4138} INFO - Setting next_dagrun for read_dag to 2024-08-29 22:00:00+00:00, run_after=2024-08-30 22:00:00+00:00
[2024-08-30T01:54:24.340+0000] {processor.py:208} INFO - Processing /opt/airflow/dags/MainLastVersion.py took 0.594 seconds
[2024-08-30T01:54:54.780+0000] {processor.py:186} INFO - Started process (PID=5289) to work on /opt/airflow/dags/MainLastVersion.py
[2024-08-30T01:54:54.781+0000] {processor.py:914} INFO - Processing file /opt/airflow/dags/MainLastVersion.py for tasks to queue
[2024-08-30T01:54:54.783+0000] {logging_mixin.py:190} INFO - [2024-08-30T01:54:54.783+0000] {dagbag.py:587} INFO - Filling up the DagBag from /opt/airflow/dags/MainLastVersion.py
[2024-08-30T01:54:55.256+0000] {processor.py:925} INFO - DAG(s) 'read_dag' retrieved from /opt/airflow/dags/MainLastVersion.py
[2024-08-30T01:54:55.437+0000] {logging_mixin.py:190} INFO - [2024-08-30T01:54:55.437+0000] {dag.py:3211} INFO - Sync 1 DAGs
[2024-08-30T01:54:55.489+0000] {logging_mixin.py:190} INFO - [2024-08-30T01:54:55.489+0000] {dag.py:4138} INFO - Setting next_dagrun for read_dag to 2024-08-29 22:00:00+00:00, run_after=2024-08-30 22:00:00+00:00
[2024-08-30T01:54:55.638+0000] {processor.py:208} INFO - Processing /opt/airflow/dags/MainLastVersion.py took 0.867 seconds
[2024-08-30T01:55:26.439+0000] {processor.py:186} INFO - Started process (PID=5294) to work on /opt/airflow/dags/MainLastVersion.py
[2024-08-30T01:55:26.440+0000] {processor.py:914} INFO - Processing file /opt/airflow/dags/MainLastVersion.py for tasks to queue
[2024-08-30T01:55:26.442+0000] {logging_mixin.py:190} INFO - [2024-08-30T01:55:26.441+0000] {dagbag.py:587} INFO - Filling up the DagBag from /opt/airflow/dags/MainLastVersion.py
[2024-08-30T01:55:26.866+0000] {processor.py:925} INFO - DAG(s) 'read_dag' retrieved from /opt/airflow/dags/MainLastVersion.py
[2024-08-30T01:55:26.902+0000] {logging_mixin.py:190} INFO - [2024-08-30T01:55:26.901+0000] {dag.py:3211} INFO - Sync 1 DAGs
[2024-08-30T01:55:26.945+0000] {logging_mixin.py:190} INFO - [2024-08-30T01:55:26.944+0000] {dag.py:4138} INFO - Setting next_dagrun for read_dag to 2024-08-29 22:00:00+00:00, run_after=2024-08-30 22:00:00+00:00
[2024-08-30T01:55:27.031+0000] {processor.py:208} INFO - Processing /opt/airflow/dags/MainLastVersion.py took 0.601 seconds
[2024-08-30T01:55:28.425+0000] {processor.py:186} INFO - Started process (PID=5296) to work on /opt/airflow/dags/MainLastVersion.py
[2024-08-30T01:55:28.426+0000] {processor.py:914} INFO - Processing file /opt/airflow/dags/MainLastVersion.py for tasks to queue
[2024-08-30T01:55:28.428+0000] {logging_mixin.py:190} INFO - [2024-08-30T01:55:28.428+0000] {dagbag.py:587} INFO - Filling up the DagBag from /opt/airflow/dags/MainLastVersion.py
[2024-08-30T01:55:28.864+0000] {processor.py:925} INFO - DAG(s) 'read_dag' retrieved from /opt/airflow/dags/MainLastVersion.py
[2024-08-30T01:55:28.890+0000] {logging_mixin.py:190} INFO - [2024-08-30T01:55:28.889+0000] {dag.py:3211} INFO - Sync 1 DAGs
[2024-08-30T01:55:28.925+0000] {logging_mixin.py:190} INFO - [2024-08-30T01:55:28.925+0000] {dag.py:4138} INFO - Setting next_dagrun for read_dag to 2024-08-29 22:00:00+00:00, run_after=2024-08-30 22:00:00+00:00
[2024-08-30T01:55:29.032+0000] {processor.py:208} INFO - Processing /opt/airflow/dags/MainLastVersion.py took 0.615 seconds
[2024-08-30T01:55:59.927+0000] {processor.py:186} INFO - Started process (PID=5301) to work on /opt/airflow/dags/MainLastVersion.py
[2024-08-30T01:55:59.929+0000] {processor.py:914} INFO - Processing file /opt/airflow/dags/MainLastVersion.py for tasks to queue
[2024-08-30T01:55:59.932+0000] {logging_mixin.py:190} INFO - [2024-08-30T01:55:59.931+0000] {dagbag.py:587} INFO - Filling up the DagBag from /opt/airflow/dags/MainLastVersion.py
[2024-08-30T01:56:00.540+0000] {processor.py:925} INFO - DAG(s) 'read_dag' retrieved from /opt/airflow/dags/MainLastVersion.py
[2024-08-30T01:56:00.563+0000] {logging_mixin.py:190} INFO - [2024-08-30T01:56:00.561+0000] {dag.py:3211} INFO - Sync 1 DAGs
[2024-08-30T01:56:00.607+0000] {logging_mixin.py:190} INFO - [2024-08-30T01:56:00.607+0000] {dag.py:4138} INFO - Setting next_dagrun for read_dag to 2024-08-29 22:00:00+00:00, run_after=2024-08-30 22:00:00+00:00
[2024-08-30T01:56:00.718+0000] {processor.py:208} INFO - Processing /opt/airflow/dags/MainLastVersion.py took 0.802 seconds
[2024-08-30T01:56:31.892+0000] {processor.py:186} INFO - Started process (PID=5306) to work on /opt/airflow/dags/MainLastVersion.py
[2024-08-30T01:56:31.893+0000] {processor.py:914} INFO - Processing file /opt/airflow/dags/MainLastVersion.py for tasks to queue
[2024-08-30T01:56:31.895+0000] {logging_mixin.py:190} INFO - [2024-08-30T01:56:31.894+0000] {dagbag.py:587} INFO - Filling up the DagBag from /opt/airflow/dags/MainLastVersion.py
[2024-08-30T01:56:32.367+0000] {processor.py:925} INFO - DAG(s) 'read_dag' retrieved from /opt/airflow/dags/MainLastVersion.py
[2024-08-30T01:56:32.572+0000] {logging_mixin.py:190} INFO - [2024-08-30T01:56:32.571+0000] {dag.py:3211} INFO - Sync 1 DAGs
[2024-08-30T01:56:32.654+0000] {logging_mixin.py:190} INFO - [2024-08-30T01:56:32.654+0000] {dag.py:4138} INFO - Setting next_dagrun for read_dag to 2024-08-29 22:00:00+00:00, run_after=2024-08-30 22:00:00+00:00
[2024-08-30T01:56:32.769+0000] {processor.py:208} INFO - Processing /opt/airflow/dags/MainLastVersion.py took 0.887 seconds
[2024-08-30T01:57:03.291+0000] {processor.py:186} INFO - Started process (PID=5311) to work on /opt/airflow/dags/MainLastVersion.py
[2024-08-30T01:57:03.293+0000] {processor.py:914} INFO - Processing file /opt/airflow/dags/MainLastVersion.py for tasks to queue
[2024-08-30T01:57:03.295+0000] {logging_mixin.py:190} INFO - [2024-08-30T01:57:03.294+0000] {dagbag.py:587} INFO - Filling up the DagBag from /opt/airflow/dags/MainLastVersion.py
[2024-08-30T01:57:03.918+0000] {processor.py:925} INFO - DAG(s) 'read_dag' retrieved from /opt/airflow/dags/MainLastVersion.py
[2024-08-30T01:57:03.943+0000] {logging_mixin.py:190} INFO - [2024-08-30T01:57:03.942+0000] {dag.py:3211} INFO - Sync 1 DAGs
[2024-08-30T01:57:03.981+0000] {logging_mixin.py:190} INFO - [2024-08-30T01:57:03.980+0000] {dag.py:4138} INFO - Setting next_dagrun for read_dag to 2024-08-29 22:00:00+00:00, run_after=2024-08-30 22:00:00+00:00
[2024-08-30T01:57:04.065+0000] {processor.py:208} INFO - Processing /opt/airflow/dags/MainLastVersion.py took 0.781 seconds
[2024-08-30T01:57:34.523+0000] {processor.py:186} INFO - Started process (PID=5316) to work on /opt/airflow/dags/MainLastVersion.py
[2024-08-30T01:57:34.524+0000] {processor.py:914} INFO - Processing file /opt/airflow/dags/MainLastVersion.py for tasks to queue
[2024-08-30T01:57:34.527+0000] {logging_mixin.py:190} INFO - [2024-08-30T01:57:34.526+0000] {dagbag.py:587} INFO - Filling up the DagBag from /opt/airflow/dags/MainLastVersion.py
[2024-08-30T01:57:34.958+0000] {processor.py:925} INFO - DAG(s) 'read_dag' retrieved from /opt/airflow/dags/MainLastVersion.py
[2024-08-30T01:57:34.976+0000] {logging_mixin.py:190} INFO - [2024-08-30T01:57:34.974+0000] {dag.py:3211} INFO - Sync 1 DAGs
[2024-08-30T01:57:35.016+0000] {logging_mixin.py:190} INFO - [2024-08-30T01:57:35.015+0000] {dag.py:4138} INFO - Setting next_dagrun for read_dag to 2024-08-29 22:00:00+00:00, run_after=2024-08-30 22:00:00+00:00
[2024-08-30T01:57:35.105+0000] {processor.py:208} INFO - Processing /opt/airflow/dags/MainLastVersion.py took 0.590 seconds
[2024-08-30T01:58:05.548+0000] {processor.py:186} INFO - Started process (PID=5321) to work on /opt/airflow/dags/MainLastVersion.py
[2024-08-30T01:58:05.549+0000] {processor.py:914} INFO - Processing file /opt/airflow/dags/MainLastVersion.py for tasks to queue
[2024-08-30T01:58:05.551+0000] {logging_mixin.py:190} INFO - [2024-08-30T01:58:05.551+0000] {dagbag.py:587} INFO - Filling up the DagBag from /opt/airflow/dags/MainLastVersion.py
[2024-08-30T01:58:06.051+0000] {processor.py:925} INFO - DAG(s) 'read_dag' retrieved from /opt/airflow/dags/MainLastVersion.py
[2024-08-30T01:58:06.199+0000] {logging_mixin.py:190} INFO - [2024-08-30T01:58:06.198+0000] {dag.py:3211} INFO - Sync 1 DAGs
[2024-08-30T01:58:06.233+0000] {logging_mixin.py:190} INFO - [2024-08-30T01:58:06.233+0000] {dag.py:4138} INFO - Setting next_dagrun for read_dag to 2024-08-29 22:00:00+00:00, run_after=2024-08-30 22:00:00+00:00
[2024-08-30T01:58:06.313+0000] {processor.py:208} INFO - Processing /opt/airflow/dags/MainLastVersion.py took 0.773 seconds
[2024-08-30T01:58:36.869+0000] {processor.py:186} INFO - Started process (PID=5326) to work on /opt/airflow/dags/MainLastVersion.py
[2024-08-30T01:58:36.870+0000] {processor.py:914} INFO - Processing file /opt/airflow/dags/MainLastVersion.py for tasks to queue
[2024-08-30T01:58:36.873+0000] {logging_mixin.py:190} INFO - [2024-08-30T01:58:36.872+0000] {dagbag.py:587} INFO - Filling up the DagBag from /opt/airflow/dags/MainLastVersion.py
[2024-08-30T01:58:37.335+0000] {processor.py:925} INFO - DAG(s) 'read_dag' retrieved from /opt/airflow/dags/MainLastVersion.py
[2024-08-30T01:58:37.364+0000] {logging_mixin.py:190} INFO - [2024-08-30T01:58:37.363+0000] {dag.py:3211} INFO - Sync 1 DAGs
[2024-08-30T01:58:37.412+0000] {logging_mixin.py:190} INFO - [2024-08-30T01:58:37.412+0000] {dag.py:4138} INFO - Setting next_dagrun for read_dag to 2024-08-29 22:00:00+00:00, run_after=2024-08-30 22:00:00+00:00
[2024-08-30T01:58:37.492+0000] {processor.py:208} INFO - Processing /opt/airflow/dags/MainLastVersion.py took 0.631 seconds
[2024-08-30T01:59:08.126+0000] {processor.py:186} INFO - Started process (PID=5331) to work on /opt/airflow/dags/MainLastVersion.py
[2024-08-30T01:59:08.127+0000] {processor.py:914} INFO - Processing file /opt/airflow/dags/MainLastVersion.py for tasks to queue
[2024-08-30T01:59:08.129+0000] {logging_mixin.py:190} INFO - [2024-08-30T01:59:08.129+0000] {dagbag.py:587} INFO - Filling up the DagBag from /opt/airflow/dags/MainLastVersion.py
[2024-08-30T01:59:08.540+0000] {processor.py:925} INFO - DAG(s) 'read_dag' retrieved from /opt/airflow/dags/MainLastVersion.py
[2024-08-30T01:59:08.557+0000] {logging_mixin.py:190} INFO - [2024-08-30T01:59:08.555+0000] {dag.py:3211} INFO - Sync 1 DAGs
[2024-08-30T01:59:08.595+0000] {logging_mixin.py:190} INFO - [2024-08-30T01:59:08.594+0000] {dag.py:4138} INFO - Setting next_dagrun for read_dag to 2024-08-29 22:00:00+00:00, run_after=2024-08-30 22:00:00+00:00
[2024-08-30T01:59:08.680+0000] {processor.py:208} INFO - Processing /opt/airflow/dags/MainLastVersion.py took 0.562 seconds
[2024-08-30T01:59:39.232+0000] {processor.py:186} INFO - Started process (PID=5336) to work on /opt/airflow/dags/MainLastVersion.py
[2024-08-30T01:59:39.233+0000] {processor.py:914} INFO - Processing file /opt/airflow/dags/MainLastVersion.py for tasks to queue
[2024-08-30T01:59:39.235+0000] {logging_mixin.py:190} INFO - [2024-08-30T01:59:39.235+0000] {dagbag.py:587} INFO - Filling up the DagBag from /opt/airflow/dags/MainLastVersion.py
[2024-08-30T01:59:39.670+0000] {processor.py:925} INFO - DAG(s) 'read_dag' retrieved from /opt/airflow/dags/MainLastVersion.py
[2024-08-30T01:59:39.808+0000] {logging_mixin.py:190} INFO - [2024-08-30T01:59:39.807+0000] {dag.py:3211} INFO - Sync 1 DAGs
[2024-08-30T01:59:39.842+0000] {logging_mixin.py:190} INFO - [2024-08-30T01:59:39.842+0000] {dag.py:4138} INFO - Setting next_dagrun for read_dag to 2024-08-29 22:00:00+00:00, run_after=2024-08-30 22:00:00+00:00
[2024-08-30T01:59:39.932+0000] {processor.py:208} INFO - Processing /opt/airflow/dags/MainLastVersion.py took 0.708 seconds
[2024-08-30T02:00:10.437+0000] {processor.py:186} INFO - Started process (PID=5341) to work on /opt/airflow/dags/MainLastVersion.py
[2024-08-30T02:00:10.440+0000] {processor.py:914} INFO - Processing file /opt/airflow/dags/MainLastVersion.py for tasks to queue
[2024-08-30T02:00:10.444+0000] {logging_mixin.py:190} INFO - [2024-08-30T02:00:10.443+0000] {dagbag.py:587} INFO - Filling up the DagBag from /opt/airflow/dags/MainLastVersion.py
[2024-08-30T02:00:11.329+0000] {processor.py:925} INFO - DAG(s) 'read_dag' retrieved from /opt/airflow/dags/MainLastVersion.py
[2024-08-30T02:00:11.373+0000] {logging_mixin.py:190} INFO - [2024-08-30T02:00:11.372+0000] {dag.py:3211} INFO - Sync 1 DAGs
[2024-08-30T02:00:11.431+0000] {logging_mixin.py:190} INFO - [2024-08-30T02:00:11.430+0000] {dag.py:4138} INFO - Setting next_dagrun for read_dag to 2024-08-29 22:00:00+00:00, run_after=2024-08-30 22:00:00+00:00
[2024-08-30T02:00:11.545+0000] {processor.py:208} INFO - Processing /opt/airflow/dags/MainLastVersion.py took 1.121 seconds
[2024-08-30T02:00:42.132+0000] {processor.py:186} INFO - Started process (PID=5346) to work on /opt/airflow/dags/MainLastVersion.py
[2024-08-30T02:00:42.134+0000] {processor.py:914} INFO - Processing file /opt/airflow/dags/MainLastVersion.py for tasks to queue
[2024-08-30T02:00:42.136+0000] {logging_mixin.py:190} INFO - [2024-08-30T02:00:42.135+0000] {dagbag.py:587} INFO - Filling up the DagBag from /opt/airflow/dags/MainLastVersion.py
[2024-08-30T02:00:42.597+0000] {processor.py:925} INFO - DAG(s) 'read_dag' retrieved from /opt/airflow/dags/MainLastVersion.py
[2024-08-30T02:00:42.615+0000] {logging_mixin.py:190} INFO - [2024-08-30T02:00:42.613+0000] {dag.py:3211} INFO - Sync 1 DAGs
[2024-08-30T02:00:42.653+0000] {logging_mixin.py:190} INFO - [2024-08-30T02:00:42.653+0000] {dag.py:4138} INFO - Setting next_dagrun for read_dag to 2024-08-29 22:00:00+00:00, run_after=2024-08-30 22:00:00+00:00
[2024-08-30T02:00:42.735+0000] {processor.py:208} INFO - Processing /opt/airflow/dags/MainLastVersion.py took 0.613 seconds
[2024-08-30T02:01:13.147+0000] {processor.py:186} INFO - Started process (PID=5351) to work on /opt/airflow/dags/MainLastVersion.py
[2024-08-30T02:01:13.149+0000] {processor.py:914} INFO - Processing file /opt/airflow/dags/MainLastVersion.py for tasks to queue
[2024-08-30T02:01:13.151+0000] {logging_mixin.py:190} INFO - [2024-08-30T02:01:13.150+0000] {dagbag.py:587} INFO - Filling up the DagBag from /opt/airflow/dags/MainLastVersion.py
[2024-08-30T02:01:13.568+0000] {processor.py:925} INFO - DAG(s) 'read_dag' retrieved from /opt/airflow/dags/MainLastVersion.py
[2024-08-30T02:01:13.706+0000] {logging_mixin.py:190} INFO - [2024-08-30T02:01:13.706+0000] {dag.py:3211} INFO - Sync 1 DAGs
[2024-08-30T02:01:13.743+0000] {logging_mixin.py:190} INFO - [2024-08-30T02:01:13.742+0000] {dag.py:4138} INFO - Setting next_dagrun for read_dag to 2024-08-29 22:00:00+00:00, run_after=2024-08-30 22:00:00+00:00
[2024-08-30T02:01:13.829+0000] {processor.py:208} INFO - Processing /opt/airflow/dags/MainLastVersion.py took 0.694 seconds
[2024-08-30T02:01:44.711+0000] {processor.py:186} INFO - Started process (PID=5356) to work on /opt/airflow/dags/MainLastVersion.py
[2024-08-30T02:01:44.712+0000] {processor.py:914} INFO - Processing file /opt/airflow/dags/MainLastVersion.py for tasks to queue
[2024-08-30T02:01:44.714+0000] {logging_mixin.py:190} INFO - [2024-08-30T02:01:44.714+0000] {dagbag.py:587} INFO - Filling up the DagBag from /opt/airflow/dags/MainLastVersion.py
[2024-08-30T02:01:45.280+0000] {processor.py:925} INFO - DAG(s) 'read_dag' retrieved from /opt/airflow/dags/MainLastVersion.py
[2024-08-30T02:01:45.317+0000] {logging_mixin.py:190} INFO - [2024-08-30T02:01:45.316+0000] {dag.py:3211} INFO - Sync 1 DAGs
[2024-08-30T02:01:45.356+0000] {logging_mixin.py:190} INFO - [2024-08-30T02:01:45.356+0000] {dag.py:4138} INFO - Setting next_dagrun for read_dag to 2024-08-29 22:00:00+00:00, run_after=2024-08-30 22:00:00+00:00
[2024-08-30T02:01:45.441+0000] {processor.py:208} INFO - Processing /opt/airflow/dags/MainLastVersion.py took 0.742 seconds
[2024-08-30T02:02:15.975+0000] {processor.py:186} INFO - Started process (PID=5361) to work on /opt/airflow/dags/MainLastVersion.py
[2024-08-30T02:02:15.977+0000] {processor.py:914} INFO - Processing file /opt/airflow/dags/MainLastVersion.py for tasks to queue
[2024-08-30T02:02:15.980+0000] {logging_mixin.py:190} INFO - [2024-08-30T02:02:15.979+0000] {dagbag.py:587} INFO - Filling up the DagBag from /opt/airflow/dags/MainLastVersion.py
[2024-08-30T02:02:16.436+0000] {processor.py:925} INFO - DAG(s) 'read_dag' retrieved from /opt/airflow/dags/MainLastVersion.py
[2024-08-30T02:02:16.454+0000] {logging_mixin.py:190} INFO - [2024-08-30T02:02:16.453+0000] {dag.py:3211} INFO - Sync 1 DAGs
[2024-08-30T02:02:16.492+0000] {logging_mixin.py:190} INFO - [2024-08-30T02:02:16.492+0000] {dag.py:4138} INFO - Setting next_dagrun for read_dag to 2024-08-29 22:00:00+00:00, run_after=2024-08-30 22:00:00+00:00
[2024-08-30T02:02:16.577+0000] {processor.py:208} INFO - Processing /opt/airflow/dags/MainLastVersion.py took 0.612 seconds
[2024-08-30T02:02:47.197+0000] {processor.py:186} INFO - Started process (PID=5366) to work on /opt/airflow/dags/MainLastVersion.py
[2024-08-30T02:02:47.199+0000] {processor.py:914} INFO - Processing file /opt/airflow/dags/MainLastVersion.py for tasks to queue
[2024-08-30T02:02:47.201+0000] {logging_mixin.py:190} INFO - [2024-08-30T02:02:47.201+0000] {dagbag.py:587} INFO - Filling up the DagBag from /opt/airflow/dags/MainLastVersion.py
[2024-08-30T02:02:47.618+0000] {processor.py:925} INFO - DAG(s) 'read_dag' retrieved from /opt/airflow/dags/MainLastVersion.py
[2024-08-30T02:02:47.754+0000] {logging_mixin.py:190} INFO - [2024-08-30T02:02:47.754+0000] {dag.py:3211} INFO - Sync 1 DAGs
[2024-08-30T02:02:47.790+0000] {logging_mixin.py:190} INFO - [2024-08-30T02:02:47.789+0000] {dag.py:4138} INFO - Setting next_dagrun for read_dag to 2024-08-29 22:00:00+00:00, run_after=2024-08-30 22:00:00+00:00
[2024-08-30T02:02:47.880+0000] {processor.py:208} INFO - Processing /opt/airflow/dags/MainLastVersion.py took 0.693 seconds
[2024-08-30T02:03:18.450+0000] {processor.py:186} INFO - Started process (PID=5371) to work on /opt/airflow/dags/MainLastVersion.py
[2024-08-30T02:03:18.452+0000] {processor.py:914} INFO - Processing file /opt/airflow/dags/MainLastVersion.py for tasks to queue
[2024-08-30T02:03:18.454+0000] {logging_mixin.py:190} INFO - [2024-08-30T02:03:18.454+0000] {dagbag.py:587} INFO - Filling up the DagBag from /opt/airflow/dags/MainLastVersion.py
[2024-08-30T02:03:18.872+0000] {processor.py:925} INFO - DAG(s) 'read_dag' retrieved from /opt/airflow/dags/MainLastVersion.py
[2024-08-30T02:03:18.897+0000] {logging_mixin.py:190} INFO - [2024-08-30T02:03:18.897+0000] {dag.py:3211} INFO - Sync 1 DAGs
[2024-08-30T02:03:18.934+0000] {logging_mixin.py:190} INFO - [2024-08-30T02:03:18.934+0000] {dag.py:4138} INFO - Setting next_dagrun for read_dag to 2024-08-29 22:00:00+00:00, run_after=2024-08-30 22:00:00+00:00
[2024-08-30T02:03:19.022+0000] {processor.py:208} INFO - Processing /opt/airflow/dags/MainLastVersion.py took 0.579 seconds
[2024-08-30T02:03:49.564+0000] {processor.py:186} INFO - Started process (PID=5376) to work on /opt/airflow/dags/MainLastVersion.py
[2024-08-30T02:03:49.566+0000] {processor.py:914} INFO - Processing file /opt/airflow/dags/MainLastVersion.py for tasks to queue
[2024-08-30T02:03:49.568+0000] {logging_mixin.py:190} INFO - [2024-08-30T02:03:49.567+0000] {dagbag.py:587} INFO - Filling up the DagBag from /opt/airflow/dags/MainLastVersion.py
[2024-08-30T02:03:49.967+0000] {processor.py:925} INFO - DAG(s) 'read_dag' retrieved from /opt/airflow/dags/MainLastVersion.py
[2024-08-30T02:03:49.986+0000] {logging_mixin.py:190} INFO - [2024-08-30T02:03:49.985+0000] {dag.py:3211} INFO - Sync 1 DAGs
[2024-08-30T02:03:50.022+0000] {logging_mixin.py:190} INFO - [2024-08-30T02:03:50.022+0000] {dag.py:4138} INFO - Setting next_dagrun for read_dag to 2024-08-29 22:00:00+00:00, run_after=2024-08-30 22:00:00+00:00
[2024-08-30T02:03:50.116+0000] {processor.py:208} INFO - Processing /opt/airflow/dags/MainLastVersion.py took 0.560 seconds
[2024-08-30T02:04:20.599+0000] {processor.py:186} INFO - Started process (PID=5381) to work on /opt/airflow/dags/MainLastVersion.py
[2024-08-30T02:04:20.600+0000] {processor.py:914} INFO - Processing file /opt/airflow/dags/MainLastVersion.py for tasks to queue
[2024-08-30T02:04:20.602+0000] {logging_mixin.py:190} INFO - [2024-08-30T02:04:20.602+0000] {dagbag.py:587} INFO - Filling up the DagBag from /opt/airflow/dags/MainLastVersion.py
[2024-08-30T02:04:21.036+0000] {processor.py:925} INFO - DAG(s) 'read_dag' retrieved from /opt/airflow/dags/MainLastVersion.py
[2024-08-30T02:04:21.179+0000] {logging_mixin.py:190} INFO - [2024-08-30T02:04:21.179+0000] {dag.py:3211} INFO - Sync 1 DAGs
[2024-08-30T02:04:21.214+0000] {logging_mixin.py:190} INFO - [2024-08-30T02:04:21.213+0000] {dag.py:4138} INFO - Setting next_dagrun for read_dag to 2024-08-29 22:00:00+00:00, run_after=2024-08-30 22:00:00+00:00
[2024-08-30T02:04:21.320+0000] {processor.py:208} INFO - Processing /opt/airflow/dags/MainLastVersion.py took 0.730 seconds
[2024-08-30T02:04:51.825+0000] {processor.py:186} INFO - Started process (PID=5386) to work on /opt/airflow/dags/MainLastVersion.py
[2024-08-30T02:04:51.826+0000] {processor.py:914} INFO - Processing file /opt/airflow/dags/MainLastVersion.py for tasks to queue
[2024-08-30T02:04:51.829+0000] {logging_mixin.py:190} INFO - [2024-08-30T02:04:51.828+0000] {dagbag.py:587} INFO - Filling up the DagBag from /opt/airflow/dags/MainLastVersion.py
[2024-08-30T02:04:52.229+0000] {processor.py:925} INFO - DAG(s) 'read_dag' retrieved from /opt/airflow/dags/MainLastVersion.py
[2024-08-30T02:04:52.254+0000] {logging_mixin.py:190} INFO - [2024-08-30T02:04:52.253+0000] {dag.py:3211} INFO - Sync 1 DAGs
[2024-08-30T02:04:52.288+0000] {logging_mixin.py:190} INFO - [2024-08-30T02:04:52.287+0000] {dag.py:4138} INFO - Setting next_dagrun for read_dag to 2024-08-29 22:00:00+00:00, run_after=2024-08-30 22:00:00+00:00
[2024-08-30T02:04:52.375+0000] {processor.py:208} INFO - Processing /opt/airflow/dags/MainLastVersion.py took 0.557 seconds
[2024-08-30T02:05:23.069+0000] {processor.py:186} INFO - Started process (PID=5391) to work on /opt/airflow/dags/MainLastVersion.py
[2024-08-30T02:05:23.071+0000] {processor.py:914} INFO - Processing file /opt/airflow/dags/MainLastVersion.py for tasks to queue
[2024-08-30T02:05:23.073+0000] {logging_mixin.py:190} INFO - [2024-08-30T02:05:23.072+0000] {dagbag.py:587} INFO - Filling up the DagBag from /opt/airflow/dags/MainLastVersion.py
[2024-08-30T02:05:23.579+0000] {processor.py:925} INFO - DAG(s) 'read_dag' retrieved from /opt/airflow/dags/MainLastVersion.py
[2024-08-30T02:05:23.597+0000] {logging_mixin.py:190} INFO - [2024-08-30T02:05:23.595+0000] {dag.py:3211} INFO - Sync 1 DAGs
[2024-08-30T02:05:23.634+0000] {logging_mixin.py:190} INFO - [2024-08-30T02:05:23.634+0000] {dag.py:4138} INFO - Setting next_dagrun for read_dag to 2024-08-29 22:00:00+00:00, run_after=2024-08-30 22:00:00+00:00
[2024-08-30T02:05:23.715+0000] {processor.py:208} INFO - Processing /opt/airflow/dags/MainLastVersion.py took 0.655 seconds
[2024-08-30T02:05:54.248+0000] {processor.py:186} INFO - Started process (PID=5396) to work on /opt/airflow/dags/MainLastVersion.py
[2024-08-30T02:05:54.249+0000] {processor.py:914} INFO - Processing file /opt/airflow/dags/MainLastVersion.py for tasks to queue
[2024-08-30T02:05:54.251+0000] {logging_mixin.py:190} INFO - [2024-08-30T02:05:54.251+0000] {dagbag.py:587} INFO - Filling up the DagBag from /opt/airflow/dags/MainLastVersion.py
[2024-08-30T02:05:54.653+0000] {processor.py:925} INFO - DAG(s) 'read_dag' retrieved from /opt/airflow/dags/MainLastVersion.py
[2024-08-30T02:05:54.795+0000] {logging_mixin.py:190} INFO - [2024-08-30T02:05:54.794+0000] {dag.py:3211} INFO - Sync 1 DAGs
[2024-08-30T02:05:54.828+0000] {logging_mixin.py:190} INFO - [2024-08-30T02:05:54.827+0000] {dag.py:4138} INFO - Setting next_dagrun for read_dag to 2024-08-29 22:00:00+00:00, run_after=2024-08-30 22:00:00+00:00
[2024-08-30T02:05:54.912+0000] {processor.py:208} INFO - Processing /opt/airflow/dags/MainLastVersion.py took 0.672 seconds
[2024-08-30T02:06:25.438+0000] {processor.py:186} INFO - Started process (PID=5401) to work on /opt/airflow/dags/MainLastVersion.py
[2024-08-30T02:06:25.440+0000] {processor.py:914} INFO - Processing file /opt/airflow/dags/MainLastVersion.py for tasks to queue
[2024-08-30T02:06:25.442+0000] {logging_mixin.py:190} INFO - [2024-08-30T02:06:25.442+0000] {dagbag.py:587} INFO - Filling up the DagBag from /opt/airflow/dags/MainLastVersion.py
[2024-08-30T02:06:25.979+0000] {processor.py:925} INFO - DAG(s) 'read_dag' retrieved from /opt/airflow/dags/MainLastVersion.py
[2024-08-30T02:06:26.008+0000] {logging_mixin.py:190} INFO - [2024-08-30T02:06:26.007+0000] {dag.py:3211} INFO - Sync 1 DAGs
[2024-08-30T02:06:26.045+0000] {logging_mixin.py:190} INFO - [2024-08-30T02:06:26.045+0000] {dag.py:4138} INFO - Setting next_dagrun for read_dag to 2024-08-29 22:00:00+00:00, run_after=2024-08-30 22:00:00+00:00
[2024-08-30T02:06:26.152+0000] {processor.py:208} INFO - Processing /opt/airflow/dags/MainLastVersion.py took 0.722 seconds
[2024-08-30T02:06:56.778+0000] {processor.py:186} INFO - Started process (PID=5406) to work on /opt/airflow/dags/MainLastVersion.py
[2024-08-30T02:06:56.780+0000] {processor.py:914} INFO - Processing file /opt/airflow/dags/MainLastVersion.py for tasks to queue
[2024-08-30T02:06:56.782+0000] {logging_mixin.py:190} INFO - [2024-08-30T02:06:56.781+0000] {dagbag.py:587} INFO - Filling up the DagBag from /opt/airflow/dags/MainLastVersion.py
[2024-08-30T02:06:57.350+0000] {processor.py:925} INFO - DAG(s) 'read_dag' retrieved from /opt/airflow/dags/MainLastVersion.py
[2024-08-30T02:06:57.379+0000] {logging_mixin.py:190} INFO - [2024-08-30T02:06:57.377+0000] {dag.py:3211} INFO - Sync 1 DAGs
[2024-08-30T02:06:57.437+0000] {logging_mixin.py:190} INFO - [2024-08-30T02:06:57.437+0000] {dag.py:4138} INFO - Setting next_dagrun for read_dag to 2024-08-29 22:00:00+00:00, run_after=2024-08-30 22:00:00+00:00
[2024-08-30T02:06:57.542+0000] {processor.py:208} INFO - Processing /opt/airflow/dags/MainLastVersion.py took 0.776 seconds
[2024-08-30T02:07:27.884+0000] {processor.py:186} INFO - Started process (PID=5411) to work on /opt/airflow/dags/MainLastVersion.py
[2024-08-30T02:07:27.886+0000] {processor.py:914} INFO - Processing file /opt/airflow/dags/MainLastVersion.py for tasks to queue
[2024-08-30T02:07:27.890+0000] {logging_mixin.py:190} INFO - [2024-08-30T02:07:27.889+0000] {dagbag.py:587} INFO - Filling up the DagBag from /opt/airflow/dags/MainLastVersion.py
[2024-08-30T02:07:28.329+0000] {processor.py:925} INFO - DAG(s) 'read_dag' retrieved from /opt/airflow/dags/MainLastVersion.py
[2024-08-30T02:07:28.467+0000] {logging_mixin.py:190} INFO - [2024-08-30T02:07:28.467+0000] {dag.py:3211} INFO - Sync 1 DAGs
[2024-08-30T02:07:28.503+0000] {logging_mixin.py:190} INFO - [2024-08-30T02:07:28.503+0000] {dag.py:4138} INFO - Setting next_dagrun for read_dag to 2024-08-29 22:00:00+00:00, run_after=2024-08-30 22:00:00+00:00
[2024-08-30T02:07:28.591+0000] {processor.py:208} INFO - Processing /opt/airflow/dags/MainLastVersion.py took 0.719 seconds
[2024-08-30T02:07:58.744+0000] {processor.py:186} INFO - Started process (PID=5416) to work on /opt/airflow/dags/MainLastVersion.py
[2024-08-30T02:07:58.746+0000] {processor.py:914} INFO - Processing file /opt/airflow/dags/MainLastVersion.py for tasks to queue
[2024-08-30T02:07:58.748+0000] {logging_mixin.py:190} INFO - [2024-08-30T02:07:58.747+0000] {dagbag.py:587} INFO - Filling up the DagBag from /opt/airflow/dags/MainLastVersion.py
[2024-08-30T02:07:59.198+0000] {processor.py:925} INFO - DAG(s) 'read_dag' retrieved from /opt/airflow/dags/MainLastVersion.py
[2024-08-30T02:07:59.226+0000] {logging_mixin.py:190} INFO - [2024-08-30T02:07:59.226+0000] {dag.py:3211} INFO - Sync 1 DAGs
[2024-08-30T02:07:59.262+0000] {logging_mixin.py:190} INFO - [2024-08-30T02:07:59.261+0000] {dag.py:4138} INFO - Setting next_dagrun for read_dag to 2024-08-29 22:00:00+00:00, run_after=2024-08-30 22:00:00+00:00
[2024-08-30T02:07:59.349+0000] {processor.py:208} INFO - Processing /opt/airflow/dags/MainLastVersion.py took 0.612 seconds
[2024-08-30T02:08:29.967+0000] {processor.py:186} INFO - Started process (PID=5421) to work on /opt/airflow/dags/MainLastVersion.py
[2024-08-30T02:08:29.968+0000] {processor.py:914} INFO - Processing file /opt/airflow/dags/MainLastVersion.py for tasks to queue
[2024-08-30T02:08:29.970+0000] {logging_mixin.py:190} INFO - [2024-08-30T02:08:29.970+0000] {dagbag.py:587} INFO - Filling up the DagBag from /opt/airflow/dags/MainLastVersion.py
[2024-08-30T02:08:30.385+0000] {processor.py:925} INFO - DAG(s) 'read_dag' retrieved from /opt/airflow/dags/MainLastVersion.py
[2024-08-30T02:08:30.402+0000] {logging_mixin.py:190} INFO - [2024-08-30T02:08:30.401+0000] {dag.py:3211} INFO - Sync 1 DAGs
[2024-08-30T02:08:30.439+0000] {logging_mixin.py:190} INFO - [2024-08-30T02:08:30.439+0000] {dag.py:4138} INFO - Setting next_dagrun for read_dag to 2024-08-29 22:00:00+00:00, run_after=2024-08-30 22:00:00+00:00
[2024-08-30T02:08:30.527+0000] {processor.py:208} INFO - Processing /opt/airflow/dags/MainLastVersion.py took 0.568 seconds
[2024-08-30T02:09:01.071+0000] {processor.py:186} INFO - Started process (PID=5426) to work on /opt/airflow/dags/MainLastVersion.py
[2024-08-30T02:09:01.073+0000] {processor.py:914} INFO - Processing file /opt/airflow/dags/MainLastVersion.py for tasks to queue
[2024-08-30T02:09:01.075+0000] {logging_mixin.py:190} INFO - [2024-08-30T02:09:01.074+0000] {dagbag.py:587} INFO - Filling up the DagBag from /opt/airflow/dags/MainLastVersion.py
[2024-08-30T02:09:01.552+0000] {processor.py:925} INFO - DAG(s) 'read_dag' retrieved from /opt/airflow/dags/MainLastVersion.py
[2024-08-30T02:09:01.731+0000] {logging_mixin.py:190} INFO - [2024-08-30T02:09:01.730+0000] {dag.py:3211} INFO - Sync 1 DAGs
[2024-08-30T02:09:01.767+0000] {logging_mixin.py:190} INFO - [2024-08-30T02:09:01.766+0000] {dag.py:4138} INFO - Setting next_dagrun for read_dag to 2024-08-29 22:00:00+00:00, run_after=2024-08-30 22:00:00+00:00
[2024-08-30T02:09:01.846+0000] {processor.py:208} INFO - Processing /opt/airflow/dags/MainLastVersion.py took 0.782 seconds
[2024-08-30T02:09:32.346+0000] {processor.py:186} INFO - Started process (PID=5431) to work on /opt/airflow/dags/MainLastVersion.py
[2024-08-30T02:09:32.347+0000] {processor.py:914} INFO - Processing file /opt/airflow/dags/MainLastVersion.py for tasks to queue
[2024-08-30T02:09:32.350+0000] {logging_mixin.py:190} INFO - [2024-08-30T02:09:32.349+0000] {dagbag.py:587} INFO - Filling up the DagBag from /opt/airflow/dags/MainLastVersion.py
[2024-08-30T02:09:32.768+0000] {processor.py:925} INFO - DAG(s) 'read_dag' retrieved from /opt/airflow/dags/MainLastVersion.py
[2024-08-30T02:09:32.792+0000] {logging_mixin.py:190} INFO - [2024-08-30T02:09:32.792+0000] {dag.py:3211} INFO - Sync 1 DAGs
[2024-08-30T02:09:32.829+0000] {logging_mixin.py:190} INFO - [2024-08-30T02:09:32.829+0000] {dag.py:4138} INFO - Setting next_dagrun for read_dag to 2024-08-29 22:00:00+00:00, run_after=2024-08-30 22:00:00+00:00
[2024-08-30T02:09:32.912+0000] {processor.py:208} INFO - Processing /opt/airflow/dags/MainLastVersion.py took 0.573 seconds
[2024-08-30T02:10:03.386+0000] {processor.py:186} INFO - Started process (PID=5436) to work on /opt/airflow/dags/MainLastVersion.py
[2024-08-30T02:10:03.387+0000] {processor.py:914} INFO - Processing file /opt/airflow/dags/MainLastVersion.py for tasks to queue
[2024-08-30T02:10:03.389+0000] {logging_mixin.py:190} INFO - [2024-08-30T02:10:03.389+0000] {dagbag.py:587} INFO - Filling up the DagBag from /opt/airflow/dags/MainLastVersion.py
[2024-08-30T02:10:03.889+0000] {processor.py:925} INFO - DAG(s) 'read_dag' retrieved from /opt/airflow/dags/MainLastVersion.py
[2024-08-30T02:10:03.906+0000] {logging_mixin.py:190} INFO - [2024-08-30T02:10:03.904+0000] {dag.py:3211} INFO - Sync 1 DAGs
[2024-08-30T02:10:03.940+0000] {logging_mixin.py:190} INFO - [2024-08-30T02:10:03.940+0000] {dag.py:4138} INFO - Setting next_dagrun for read_dag to 2024-08-29 22:00:00+00:00, run_after=2024-08-30 22:00:00+00:00
[2024-08-30T02:10:04.025+0000] {processor.py:208} INFO - Processing /opt/airflow/dags/MainLastVersion.py took 0.650 seconds
[2024-08-30T02:10:34.544+0000] {processor.py:186} INFO - Started process (PID=5441) to work on /opt/airflow/dags/MainLastVersion.py
[2024-08-30T02:10:34.546+0000] {processor.py:914} INFO - Processing file /opt/airflow/dags/MainLastVersion.py for tasks to queue
[2024-08-30T02:10:34.548+0000] {logging_mixin.py:190} INFO - [2024-08-30T02:10:34.547+0000] {dagbag.py:587} INFO - Filling up the DagBag from /opt/airflow/dags/MainLastVersion.py
[2024-08-30T02:10:34.984+0000] {processor.py:925} INFO - DAG(s) 'read_dag' retrieved from /opt/airflow/dags/MainLastVersion.py
[2024-08-30T02:10:35.121+0000] {logging_mixin.py:190} INFO - [2024-08-30T02:10:35.120+0000] {dag.py:3211} INFO - Sync 1 DAGs
[2024-08-30T02:10:35.157+0000] {logging_mixin.py:190} INFO - [2024-08-30T02:10:35.156+0000] {dag.py:4138} INFO - Setting next_dagrun for read_dag to 2024-08-29 22:00:00+00:00, run_after=2024-08-30 22:00:00+00:00
[2024-08-30T02:10:35.253+0000] {processor.py:208} INFO - Processing /opt/airflow/dags/MainLastVersion.py took 0.717 seconds
[2024-08-30T02:11:05.848+0000] {processor.py:186} INFO - Started process (PID=5446) to work on /opt/airflow/dags/MainLastVersion.py
[2024-08-30T02:11:05.850+0000] {processor.py:914} INFO - Processing file /opt/airflow/dags/MainLastVersion.py for tasks to queue
[2024-08-30T02:11:05.852+0000] {logging_mixin.py:190} INFO - [2024-08-30T02:11:05.851+0000] {dagbag.py:587} INFO - Filling up the DagBag from /opt/airflow/dags/MainLastVersion.py
[2024-08-30T02:11:06.280+0000] {processor.py:925} INFO - DAG(s) 'read_dag' retrieved from /opt/airflow/dags/MainLastVersion.py
[2024-08-30T02:11:06.306+0000] {logging_mixin.py:190} INFO - [2024-08-30T02:11:06.305+0000] {dag.py:3211} INFO - Sync 1 DAGs
[2024-08-30T02:11:06.343+0000] {logging_mixin.py:190} INFO - [2024-08-30T02:11:06.343+0000] {dag.py:4138} INFO - Setting next_dagrun for read_dag to 2024-08-29 22:00:00+00:00, run_after=2024-08-30 22:00:00+00:00
[2024-08-30T02:11:06.443+0000] {processor.py:208} INFO - Processing /opt/airflow/dags/MainLastVersion.py took 0.603 seconds
[2024-08-30T02:11:37.017+0000] {processor.py:186} INFO - Started process (PID=5451) to work on /opt/airflow/dags/MainLastVersion.py
[2024-08-30T02:11:37.019+0000] {processor.py:914} INFO - Processing file /opt/airflow/dags/MainLastVersion.py for tasks to queue
[2024-08-30T02:11:37.022+0000] {logging_mixin.py:190} INFO - [2024-08-30T02:11:37.021+0000] {dagbag.py:587} INFO - Filling up the DagBag from /opt/airflow/dags/MainLastVersion.py
[2024-08-30T02:11:37.428+0000] {processor.py:925} INFO - DAG(s) 'read_dag' retrieved from /opt/airflow/dags/MainLastVersion.py
[2024-08-30T02:11:37.444+0000] {logging_mixin.py:190} INFO - [2024-08-30T02:11:37.443+0000] {dag.py:3211} INFO - Sync 1 DAGs
[2024-08-30T02:11:37.482+0000] {logging_mixin.py:190} INFO - [2024-08-30T02:11:37.482+0000] {dag.py:4138} INFO - Setting next_dagrun for read_dag to 2024-08-29 22:00:00+00:00, run_after=2024-08-30 22:00:00+00:00
[2024-08-30T02:11:37.573+0000] {processor.py:208} INFO - Processing /opt/airflow/dags/MainLastVersion.py took 0.565 seconds
[2024-08-30T02:12:08.140+0000] {processor.py:186} INFO - Started process (PID=5456) to work on /opt/airflow/dags/MainLastVersion.py
[2024-08-30T02:12:08.142+0000] {processor.py:914} INFO - Processing file /opt/airflow/dags/MainLastVersion.py for tasks to queue
[2024-08-30T02:12:08.144+0000] {logging_mixin.py:190} INFO - [2024-08-30T02:12:08.144+0000] {dagbag.py:587} INFO - Filling up the DagBag from /opt/airflow/dags/MainLastVersion.py
[2024-08-30T02:12:08.824+0000] {processor.py:925} INFO - DAG(s) 'read_dag' retrieved from /opt/airflow/dags/MainLastVersion.py
[2024-08-30T02:12:09.004+0000] {logging_mixin.py:190} INFO - [2024-08-30T02:12:09.003+0000] {dag.py:3211} INFO - Sync 1 DAGs
[2024-08-30T02:12:09.056+0000] {logging_mixin.py:190} INFO - [2024-08-30T02:12:09.056+0000] {dag.py:4138} INFO - Setting next_dagrun for read_dag to 2024-08-29 22:00:00+00:00, run_after=2024-08-30 22:00:00+00:00
[2024-08-30T02:12:09.154+0000] {processor.py:208} INFO - Processing /opt/airflow/dags/MainLastVersion.py took 1.023 seconds
[2024-08-30T02:12:39.711+0000] {processor.py:186} INFO - Started process (PID=5461) to work on /opt/airflow/dags/MainLastVersion.py
[2024-08-30T02:12:39.713+0000] {processor.py:914} INFO - Processing file /opt/airflow/dags/MainLastVersion.py for tasks to queue
[2024-08-30T02:12:39.715+0000] {logging_mixin.py:190} INFO - [2024-08-30T02:12:39.714+0000] {dagbag.py:587} INFO - Filling up the DagBag from /opt/airflow/dags/MainLastVersion.py
[2024-08-30T02:12:40.111+0000] {processor.py:925} INFO - DAG(s) 'read_dag' retrieved from /opt/airflow/dags/MainLastVersion.py
[2024-08-30T02:12:40.138+0000] {logging_mixin.py:190} INFO - [2024-08-30T02:12:40.137+0000] {dag.py:3211} INFO - Sync 1 DAGs
[2024-08-30T02:12:40.174+0000] {logging_mixin.py:190} INFO - [2024-08-30T02:12:40.173+0000] {dag.py:4138} INFO - Setting next_dagrun for read_dag to 2024-08-29 22:00:00+00:00, run_after=2024-08-30 22:00:00+00:00
[2024-08-30T02:12:40.257+0000] {processor.py:208} INFO - Processing /opt/airflow/dags/MainLastVersion.py took 0.554 seconds
[2024-08-30T02:13:10.803+0000] {processor.py:186} INFO - Started process (PID=5466) to work on /opt/airflow/dags/MainLastVersion.py
[2024-08-30T02:13:10.805+0000] {processor.py:914} INFO - Processing file /opt/airflow/dags/MainLastVersion.py for tasks to queue
[2024-08-30T02:13:10.807+0000] {logging_mixin.py:190} INFO - [2024-08-30T02:13:10.807+0000] {dagbag.py:587} INFO - Filling up the DagBag from /opt/airflow/dags/MainLastVersion.py
[2024-08-30T02:13:11.290+0000] {processor.py:925} INFO - DAG(s) 'read_dag' retrieved from /opt/airflow/dags/MainLastVersion.py
[2024-08-30T02:13:11.308+0000] {logging_mixin.py:190} INFO - [2024-08-30T02:13:11.306+0000] {dag.py:3211} INFO - Sync 1 DAGs
[2024-08-30T02:13:11.343+0000] {logging_mixin.py:190} INFO - [2024-08-30T02:13:11.342+0000] {dag.py:4138} INFO - Setting next_dagrun for read_dag to 2024-08-29 22:00:00+00:00, run_after=2024-08-30 22:00:00+00:00
[2024-08-30T02:13:11.446+0000] {processor.py:208} INFO - Processing /opt/airflow/dags/MainLastVersion.py took 0.651 seconds
[2024-08-30T02:13:42.174+0000] {processor.py:186} INFO - Started process (PID=5471) to work on /opt/airflow/dags/MainLastVersion.py
[2024-08-30T02:13:42.176+0000] {processor.py:914} INFO - Processing file /opt/airflow/dags/MainLastVersion.py for tasks to queue
[2024-08-30T02:13:42.179+0000] {logging_mixin.py:190} INFO - [2024-08-30T02:13:42.178+0000] {dagbag.py:587} INFO - Filling up the DagBag from /opt/airflow/dags/MainLastVersion.py
[2024-08-30T02:13:42.190+0000] {logging_mixin.py:190} INFO - [2024-08-30T02:13:42.190+0000] {dagbag.py:365} INFO - File /opt/airflow/dags/MainLastVersion.py assumed to contain no DAGs. Skipping.
[2024-08-30T02:13:42.191+0000] {processor.py:927} WARNING - No viable dags retrieved from /opt/airflow/dags/MainLastVersion.py
[2024-08-30T02:13:42.216+0000] {processor.py:208} INFO - Processing /opt/airflow/dags/MainLastVersion.py took 0.050 seconds
